# JRE version: OpenJDK Runtime Environment Zulu21.44+17-CA (21.0.8+9) (build 21.0.8+9-LTS)
# Java VM: OpenJDK 64-Bit Server VM Zulu21.44+17-CA (21.0.8+9-LTS, mixed mode, sharing, tiered, compressed oops, compressed class ptrs, parallel gc, windows-amd64)
GC Precious Log:
 CardTable entry size: 512
 CPUs: 16 total, 16 available
 Memory: 16155M
 Large Page Support: Disabled
 NUMA Support: Disabled
 Compressed Oops: Enabled (32-bit)
 Alignments: Space 512K, Generation 512K, Heap 2M
 Heap Min Capacity: 100M
 Heap Initial Capacity: 100M
 Heap Max Capacity: 2G
 Pre-touch: Disabled
 Parallel Workers: 13
Heap:
 PSYoungGen      total 16384K, used 7071K [0x00000000d5580000, 0x00000000d6680000, 0x0000000100000000)
  eden space 15360K, 42% used [0x00000000d5580000,0x00000000d5bcfd28,0x00000000d6480000)
  from space 1024K, 59% used [0x00000000d6580000,0x00000000d6618000,0x00000000d6680000)
  to   space 1024K, 0% used [0x00000000d6480000,0x00000000d6480000,0x00000000d6580000)
 ParOldGen       total 130048K, used 129767K [0x0000000080000000, 0x0000000087f00000, 0x00000000d5580000)
  object space 130048K, 99% used [0x0000000080000000,0x0000000087eb9c90,0x0000000087f00000)
 Metaspace       used 70597K, committed 72128K, reserved 1114112K
  class space    used 6950K, committed 7680K, reserved 1048576K
GC Heap History (20 events):
Event: 11088.186 GC heap before
{Heap before GC invocations=388 (full 3):
 PSYoungGen      total 15872K, used 15872K [0x00000000d5580000, 0x00000000d6680000, 0x0000000100000000)
  eden space 15360K, 100% used [0x00000000d5580000,0x00000000d6480000,0x00000000d6480000)
  from space 512K, 100% used [0x00000000d6580000,0x00000000d6600000,0x00000000d6600000)
  to   space 1024K, 0% used [0x00000000d6480000,0x00000000d6480000,0x00000000d6580000)
 ParOldGen       total 129024K, used 128540K [0x0000000080000000, 0x0000000087e00000, 0x00000000d5580000)
  object space 129024K, 99% used [0x0000000080000000,0x0000000087d87120,0x0000000087e00000)
 Metaspace       used 70540K, committed 72064K, reserved 1114112K
  class space    used 6949K, committed 7680K, reserved 1048576K
}
Event: 11088.188 GC heap after
{Heap after GC invocations=388 (full 3):
 PSYoungGen      total 16384K, used 608K [0x00000000d5580000, 0x00000000d6680000, 0x0000000100000000)
  eden space 15360K, 0% used [0x00000000d5580000,0x00000000d5580000,0x00000000d6480000)
  from space 1024K, 59% used [0x00000000d6480000,0x00000000d6518000,0x00000000d6580000)
  to   space 1024K, 0% used [0x00000000d6580000,0x00000000d6580000,0x00000000d6680000)
 ParOldGen       total 129024K, used 128612K [0x0000000080000000, 0x0000000087e00000, 0x00000000d5580000)
  object space 129024K, 99% used [0x0000000080000000,0x0000000087d99120,0x0000000087e00000)
 Metaspace       used 70540K, committed 72064K, reserved 1114112K
  class space    used 6949K, committed 7680K, reserved 1048576K
}
Event: 11090.930 GC heap before
{Heap before GC invocations=389 (full 3):
 PSYoungGen      total 16384K, used 15968K [0x00000000d5580000, 0x00000000d6680000, 0x0000000100000000)
  eden space 15360K, 100% used [0x00000000d5580000,0x00000000d6480000,0x00000000d6480000)
  from space 1024K, 59% used [0x00000000d6480000,0x00000000d6518000,0x00000000d6580000)
  to   space 1024K, 0% used [0x00000000d6580000,0x00000000d6580000,0x00000000d6680000)
 ParOldGen       total 129024K, used 128612K [0x0000000080000000, 0x0000000087e00000, 0x00000000d5580000)
  object space 129024K, 99% used [0x0000000080000000,0x0000000087d99120,0x0000000087e00000)
 Metaspace       used 70540K, committed 72064K, reserved 1114112K
  class space    used 6949K, committed 7680K, reserved 1048576K
}
Event: 11090.932 GC heap after
{Heap after GC invocations=389 (full 3):
 PSYoungGen      total 16384K, used 672K [0x00000000d5580000, 0x00000000d6680000, 0x0000000100000000)
  eden space 15360K, 0% used [0x00000000d5580000,0x00000000d5580000,0x00000000d6480000)
  from space 1024K, 65% used [0x00000000d6580000,0x00000000d6628000,0x00000000d6680000)
  to   space 1024K, 0% used [0x00000000d6480000,0x00000000d6480000,0x00000000d6580000)
 ParOldGen       total 129024K, used 128716K [0x0000000080000000, 0x0000000087e00000, 0x00000000d5580000)
  object space 129024K, 99% used [0x0000000080000000,0x0000000087db3120,0x0000000087e00000)
 Metaspace       used 70540K, committed 72064K, reserved 1114112K
  class space    used 6949K, committed 7680K, reserved 1048576K
}
Event: 11091.481 GC heap before
{Heap before GC invocations=390 (full 3):
 PSYoungGen      total 16384K, used 16032K [0x00000000d5580000, 0x00000000d6680000, 0x0000000100000000)
  eden space 15360K, 100% used [0x00000000d5580000,0x00000000d6480000,0x00000000d6480000)
  from space 1024K, 65% used [0x00000000d6580000,0x00000000d6628000,0x00000000d6680000)
  to   space 1024K, 0% used [0x00000000d6480000,0x00000000d6480000,0x00000000d6580000)
 ParOldGen       total 129024K, used 128716K [0x0000000080000000, 0x0000000087e00000, 0x00000000d5580000)
  object space 129024K, 99% used [0x0000000080000000,0x0000000087db3120,0x0000000087e00000)
 Metaspace       used 70540K, committed 72064K, reserved 1114112K
  class space    used 6949K, committed 7680K, reserved 1048576K
}
Event: 11091.482 GC heap after
{Heap after GC invocations=390 (full 3):
 PSYoungGen      total 16384K, used 544K [0x00000000d5580000, 0x00000000d6680000, 0x0000000100000000)
  eden space 15360K, 0% used [0x00000000d5580000,0x00000000d5580000,0x00000000d6480000)
  from space 1024K, 53% used [0x00000000d6480000,0x00000000d6508000,0x00000000d6580000)
  to   space 1024K, 0% used [0x00000000d6580000,0x00000000d6580000,0x00000000d6680000)
 ParOldGen       total 129024K, used 128844K [0x0000000080000000, 0x0000000087e00000, 0x00000000d5580000)
  object space 129024K, 99% used [0x0000000080000000,0x0000000087dd3120,0x0000000087e00000)
 Metaspace       used 70540K, committed 72064K, reserved 1114112K
  class space    used 6949K, committed 7680K, reserved 1048576K
}
Event: 11092.050 GC heap before
{Heap before GC invocations=391 (full 3):
 PSYoungGen      total 16384K, used 15904K [0x00000000d5580000, 0x00000000d6680000, 0x0000000100000000)
  eden space 15360K, 100% used [0x00000000d5580000,0x00000000d6480000,0x00000000d6480000)
  from space 1024K, 53% used [0x00000000d6480000,0x00000000d6508000,0x00000000d6580000)
  to   space 1024K, 0% used [0x00000000d6580000,0x00000000d6580000,0x00000000d6680000)
 ParOldGen       total 129024K, used 128844K [0x0000000080000000, 0x0000000087e00000, 0x00000000d5580000)
  object space 129024K, 99% used [0x0000000080000000,0x0000000087dd3120,0x0000000087e00000)
 Metaspace       used 70540K, committed 72064K, reserved 1114112K
  class space    used 6949K, committed 7680K, reserved 1048576K
}
Event: 11092.051 GC heap after
{Heap after GC invocations=391 (full 3):
 PSYoungGen      total 16384K, used 544K [0x00000000d5580000, 0x00000000d6680000, 0x0000000100000000)
  eden space 15360K, 0% used [0x00000000d5580000,0x00000000d5580000,0x00000000d6480000)
  from space 1024K, 53% used [0x00000000d6580000,0x00000000d6608000,0x00000000d6680000)
  to   space 1024K, 0% used [0x00000000d6480000,0x00000000d6480000,0x00000000d6580000)
 ParOldGen       total 129024K, used 128948K [0x0000000080000000, 0x0000000087e00000, 0x00000000d5580000)
  object space 129024K, 99% used [0x0000000080000000,0x0000000087ded120,0x0000000087e00000)
 Metaspace       used 70540K, committed 72064K, reserved 1114112K
  class space    used 6949K, committed 7680K, reserved 1048576K
}
Event: 11092.747 GC heap before
{Heap before GC invocations=392 (full 3):
 PSYoungGen      total 16384K, used 15904K [0x00000000d5580000, 0x00000000d6680000, 0x0000000100000000)
  eden space 15360K, 100% used [0x00000000d5580000,0x00000000d6480000,0x00000000d6480000)
  from space 1024K, 53% used [0x00000000d6580000,0x00000000d6608000,0x00000000d6680000)
  to   space 1024K, 0% used [0x00000000d6480000,0x00000000d6480000,0x00000000d6580000)
 ParOldGen       total 129024K, used 128948K [0x0000000080000000, 0x0000000087e00000, 0x00000000d5580000)
  object space 129024K, 99% used [0x0000000080000000,0x0000000087ded120,0x0000000087e00000)
 Metaspace       used 70540K, committed 72064K, reserved 1114112K
  class space    used 6949K, committed 7680K, reserved 1048576K
}
Event: 11092.748 GC heap after
{Heap after GC invocations=392 (full 3):
 PSYoungGen      total 16384K, used 544K [0x00000000d5580000, 0x00000000d6680000, 0x0000000100000000)
  eden space 15360K, 0% used [0x00000000d5580000,0x00000000d5580000,0x00000000d6480000)
  from space 1024K, 53% used [0x00000000d6480000,0x00000000d6508000,0x00000000d6580000)
  to   space 1024K, 0% used [0x00000000d6580000,0x00000000d6580000,0x00000000d6680000)
 ParOldGen       total 129536K, used 129060K [0x0000000080000000, 0x0000000087e80000, 0x00000000d5580000)
  object space 129536K, 99% used [0x0000000080000000,0x0000000087e09120,0x0000000087e80000)
 Metaspace       used 70540K, committed 72064K, reserved 1114112K
  class space    used 6949K, committed 7680K, reserved 1048576K
}
Event: 11093.570 GC heap before
{Heap before GC invocations=393 (full 3):
 PSYoungGen      total 16384K, used 15904K [0x00000000d5580000, 0x00000000d6680000, 0x0000000100000000)
  eden space 15360K, 100% used [0x00000000d5580000,0x00000000d6480000,0x00000000d6480000)
  from space 1024K, 53% used [0x00000000d6480000,0x00000000d6508000,0x00000000d6580000)
  to   space 1024K, 0% used [0x00000000d6580000,0x00000000d6580000,0x00000000d6680000)
 ParOldGen       total 129536K, used 129060K [0x0000000080000000, 0x0000000087e80000, 0x00000000d5580000)
  object space 129536K, 99% used [0x0000000080000000,0x0000000087e09120,0x0000000087e80000)
 Metaspace       used 70540K, committed 72064K, reserved 1114112K
  class space    used 6949K, committed 7680K, reserved 1048576K
}
Event: 11093.572 GC heap after
{Heap after GC invocations=393 (full 3):
 PSYoungGen      total 16384K, used 576K [0x00000000d5580000, 0x00000000d6680000, 0x0000000100000000)
  eden space 15360K, 0% used [0x00000000d5580000,0x00000000d5580000,0x00000000d6480000)
  from space 1024K, 56% used [0x00000000d6580000,0x00000000d6610000,0x00000000d6680000)
  to   space 1024K, 0% used [0x00000000d6480000,0x00000000d6480000,0x00000000d6580000)
 ParOldGen       total 129536K, used 129228K [0x0000000080000000, 0x0000000087e80000, 0x00000000d5580000)
  object space 129536K, 99% used [0x0000000080000000,0x0000000087e33120,0x0000000087e80000)
 Metaspace       used 70540K, committed 72064K, reserved 1114112K
  class space    used 6949K, committed 7680K, reserved 1048576K
}
Event: 11094.453 GC heap before
{Heap before GC invocations=394 (full 3):
 PSYoungGen      total 16384K, used 15936K [0x00000000d5580000, 0x00000000d6680000, 0x0000000100000000)
  eden space 15360K, 100% used [0x00000000d5580000,0x00000000d6480000,0x00000000d6480000)
  from space 1024K, 56% used [0x00000000d6580000,0x00000000d6610000,0x00000000d6680000)
  to   space 1024K, 0% used [0x00000000d6480000,0x00000000d6480000,0x00000000d6580000)
 ParOldGen       total 129536K, used 129228K [0x0000000080000000, 0x0000000087e80000, 0x00000000d5580000)
  object space 129536K, 99% used [0x0000000080000000,0x0000000087e33120,0x0000000087e80000)
 Metaspace       used 70540K, committed 72064K, reserved 1114112K
  class space    used 6949K, committed 7680K, reserved 1048576K
}
Event: 11094.454 GC heap after
{Heap after GC invocations=394 (full 3):
 PSYoungGen      total 16384K, used 640K [0x00000000d5580000, 0x00000000d6680000, 0x0000000100000000)
  eden space 15360K, 0% used [0x00000000d5580000,0x00000000d5580000,0x00000000d6480000)
  from space 1024K, 62% used [0x00000000d6480000,0x00000000d6520000,0x00000000d6580000)
  to   space 1024K, 0% used [0x00000000d6580000,0x00000000d6580000,0x00000000d6680000)
 ParOldGen       total 129536K, used 129524K [0x0000000080000000, 0x0000000087e80000, 0x00000000d5580000)
  object space 129536K, 99% used [0x0000000080000000,0x0000000087e7d120,0x0000000087e80000)
 Metaspace       used 70540K, committed 72064K, reserved 1114112K
  class space    used 6949K, committed 7680K, reserved 1048576K
}
Event: 11095.021 GC heap before
{Heap before GC invocations=395 (full 3):
 PSYoungGen      total 16384K, used 16000K [0x00000000d5580000, 0x00000000d6680000, 0x0000000100000000)
  eden space 15360K, 100% used [0x00000000d5580000,0x00000000d6480000,0x00000000d6480000)
  from space 1024K, 62% used [0x00000000d6480000,0x00000000d6520000,0x00000000d6580000)
  to   space 1024K, 0% used [0x00000000d6580000,0x00000000d6580000,0x00000000d6680000)
 ParOldGen       total 129536K, used 129524K [0x0000000080000000, 0x0000000087e80000, 0x00000000d5580000)
  object space 129536K, 99% used [0x0000000080000000,0x0000000087e7d120,0x0000000087e80000)
 Metaspace       used 70540K, committed 72064K, reserved 1114112K
  class space    used 6949K, committed 7680K, reserved 1048576K
}
Event: 11095.022 GC heap after
{Heap after GC invocations=395 (full 3):
 PSYoungGen      total 16384K, used 576K [0x00000000d5580000, 0x00000000d6680000, 0x0000000100000000)
  eden space 15360K, 0% used [0x00000000d5580000,0x00000000d5580000,0x00000000d6480000)
  from space 1024K, 56% used [0x00000000d6580000,0x00000000d6610000,0x00000000d6680000)
  to   space 1024K, 0% used [0x00000000d6480000,0x00000000d6480000,0x00000000d6580000)
 ParOldGen       total 130048K, used 129692K [0x0000000080000000, 0x0000000087f00000, 0x00000000d5580000)
  object space 130048K, 99% used [0x0000000080000000,0x0000000087ea7120,0x0000000087f00000)
 Metaspace       used 70540K, committed 72064K, reserved 1114112K
  class space    used 6949K, committed 7680K, reserved 1048576K
}
Event: 11095.697 GC heap before
{Heap before GC invocations=396 (full 3):
 PSYoungGen      total 16384K, used 15936K [0x00000000d5580000, 0x00000000d6680000, 0x0000000100000000)
  eden space 15360K, 100% used [0x00000000d5580000,0x00000000d6480000,0x00000000d6480000)
  from space 1024K, 56% used [0x00000000d6580000,0x00000000d6610000,0x00000000d6680000)
  to   space 1024K, 0% used [0x00000000d6480000,0x00000000d6480000,0x00000000d6580000)
 ParOldGen       total 130048K, used 129692K [0x0000000080000000, 0x0000000087f00000, 0x00000000d5580000)
  object space 130048K, 99% used [0x0000000080000000,0x0000000087ea7120,0x0000000087f00000)
 Metaspace       used 70540K, committed 72064K, reserved 1114112K
  class space    used 6949K, committed 7680K, reserved 1048576K
}
Event: 11095.698 GC heap after
{Heap after GC invocations=396 (full 3):
 PSYoungGen      total 16384K, used 608K [0x00000000d5580000, 0x00000000d6680000, 0x0000000100000000)
  eden space 15360K, 0% used [0x00000000d5580000,0x00000000d5580000,0x00000000d6480000)
  from space 1024K, 59% used [0x00000000d6480000,0x00000000d6518000,0x00000000d6580000)
  to   space 1024K, 0% used [0x00000000d6580000,0x00000000d6580000,0x00000000d6680000)
 ParOldGen       total 130048K, used 129748K [0x0000000080000000, 0x0000000087f00000, 0x00000000d5580000)
  object space 130048K, 99% used [0x0000000080000000,0x0000000087eb5120,0x0000000087f00000)
 Metaspace       used 70540K, committed 72064K, reserved 1114112K
  class space    used 6949K, committed 7680K, reserved 1048576K
}
Event: 11666.251 GC heap before
{Heap before GC invocations=397 (full 3):
 PSYoungGen      total 16384K, used 15961K [0x00000000d5580000, 0x00000000d6680000, 0x0000000100000000)
  eden space 15360K, 99% used [0x00000000d5580000,0x00000000d647e628,0x00000000d6480000)
  from space 1024K, 59% used [0x00000000d6480000,0x00000000d6518000,0x00000000d6580000)
  to   space 1024K, 0% used [0x00000000d6580000,0x00000000d6580000,0x00000000d6680000)
 ParOldGen       total 130048K, used 129748K [0x0000000080000000, 0x0000000087f00000, 0x00000000d5580000)
  object space 130048K, 99% used [0x0000000080000000,0x0000000087eb5120,0x0000000087f00000)
 Metaspace       used 70565K, committed 72064K, reserved 1114112K
  class space    used 6949K, committed 7680K, reserved 1048576K
}
Event: 11666.253 GC heap after
{Heap after GC invocations=397 (full 3):
 PSYoungGen      total 16384K, used 608K [0x00000000d5580000, 0x00000000d6680000, 0x0000000100000000)
  eden space 15360K, 0% used [0x00000000d5580000,0x00000000d5580000,0x00000000d6480000)
  from space 1024K, 59% used [0x00000000d6580000,0x00000000d6618000,0x00000000d6680000)
  to   space 1024K, 0% used [0x00000000d6480000,0x00000000d6480000,0x00000000d6580000)
 ParOldGen       total 130048K, used 129767K [0x0000000080000000, 0x0000000087f00000, 0x00000000d5580000)
  object space 130048K, 99% used [0x0000000080000000,0x0000000087eb9c90,0x0000000087f00000)
 Metaspace       used 70565K, committed 72064K, reserved 1114112K
  class space    used 6949K, committed 7680K, reserved 1048576K
}

